
ec: system execution failed.
Following is the set of recorded exceptions:

******************************** Thread exception *****************************
In thread           Root thread            0x0 (thread id)
*******************************************************************************
-------------------------------------------------------------------------------
Class / Object      Routine                Nature of exception           Effect
-------------------------------------------------------------------------------
TYPE_A_CHECKER      check_and_solved @4                                 
<00000272357B4DF8>                         Feature call on void target.  Fail
-------------------------------------------------------------------------------
TYPE_A_CHECKER      check_and_solved @4                                 
<00000272357B4DF8>                         Routine failure.              Fail
-------------------------------------------------------------------------------
AST_FEATURE_CHECKER_GENERATOR
                    check_type @8          
<00000272357B3E08>                         Routine failure.              Fail
-------------------------------------------------------------------------------
AST_FEATURE_CHECKER_GENERATOR
                    check_locals @15       
<00000272357B3E08>                         Routine failure.              Fail
-------------------------------------------------------------------------------
AST_FEATURE_CHECKER_GENERATOR
                    process_routine_as @11 
<00000272357B3E08>                         Routine failure.              Rescue
-------------------------------------------------------------------------------
ROUTINE_AS          process @1                                          
<00000272359E7768>                         Routine failure.              Fail
-------------------------------------------------------------------------------
AST_FEATURE_CHECKER_GENERATOR
                    safe_process @2        
<00000272357B3E08>  (From AST_VISITOR)     Routine failure.              Fail
-------------------------------------------------------------------------------
AST_FEATURE_CHECKER_GENERATOR
                    process_body_as @1     
<00000272357B3E08>                         Routine failure.              Fail
-------------------------------------------------------------------------------
BODY_AS             process @1                                          
<00000272359E77D8>                         Routine failure.              Fail
-------------------------------------------------------------------------------
AST_FEATURE_CHECKER_GENERATOR
                    process_feature_as @10 
<00000272357B3E08>                         Routine failure.              Fail
-------------------------------------------------------------------------------
FEATURE_AS          process @1                                          
<00000272359E7828>                         Routine failure.              Fail
-------------------------------------------------------------------------------
AST_FEATURE_CHECKER_GENERATOR
                    type_check_only @21    
<00000272357B3E08>                         Routine failure.              Fail
-------------------------------------------------------------------------------
EIFFEL_CLASS_C      pass3 @104                                          
<000002723782ED48>                         Routine failure.              Rescue
-------------------------------------------------------------------------------
DEGREE_3            process_class @3                                    
<00000272378078B8>                         Routine failure.              Rescue
-------------------------------------------------------------------------------
DEGREE_3            execute @21                                         
<00000272378078B8>                         Routine failure.              Fail
-------------------------------------------------------------------------------
SYSTEM_I            process_degree_3 @2                                 
<0000027238BE8968>                         Routine failure.              Rescue
-------------------------------------------------------------------------------
SYSTEM_I            do_recompilation @64                                
<0000027238BE8968>                         Routine failure.              Fail
-------------------------------------------------------------------------------
SYSTEM_I            recompile @6                                        
<0000027238BE8968>                         Routine failure.              Rescue
-------------------------------------------------------------------------------
WORKBENCH_I         recompile @23                                       
<0000027237647E38>                         Routine failure.              Rescue
-------------------------------------------------------------------------------
E_PROJECT           melt @7                                             
<00000272376471E8>                         Routine failure.              Rescue
-------------------------------------------------------------------------------
E_PROJECT           finalize @2                                         
<00000272376471E8>                         Routine failure.              Fail
-------------------------------------------------------------------------------
EWB_FINALIZE        perform_compilation @3                              
<0000027237304C18>                         Routine failure.              Fail
-------------------------------------------------------------------------------
EWB_FINALIZE        compile @3                                          
<0000027237304C18>  (From EWB_COMP)        Routine failure.              Fail
-------------------------------------------------------------------------------
EWB_FINALIZE        execute @5                                          
<0000027237304C18>                         Routine failure.              Fail
-------------------------------------------------------------------------------
ES_BATCH            execute @45                                         
<000002723674A2C8>  (From ES)              Routine failure.              Rescue
-------------------------------------------------------------------------------
ES_BATCH            make @13                                            
<000002723674A2C8>  (From ES)              Routine failure.              Fail
-------------------------------------------------------------------------------
EB_KERNEL           make @5                                             
<00000272365F2908>                         Routine failure.              Fail
-------------------------------------------------------------------------------
EB_KERNEL           root's creation                                     
<00000272365F2908>                         Routine failure.              Exit
-------------------------------------------------------------------------------

ec: system execution failed.
Following is the set of recorded exceptions:

******************************** Thread exception *****************************
In thread           Root thread            0x0 (thread id)
*******************************************************************************
-------------------------------------------------------------------------------
Class / Object      Routine                Nature of exception           Effect
-------------------------------------------------------------------------------
TYPE_A_CHECKER      check_and_solved @4                                 
<0000023052711DF8>                         Feature call on void target.  Fail
-------------------------------------------------------------------------------
TYPE_A_CHECKER      check_and_solved @4                                 
<0000023052711DF8>                         Routine failure.              Fail
-------------------------------------------------------------------------------
AST_FEATURE_CHECKER_GENERATOR
                    check_type @8          
<0000023052710E08>                         Routine failure.              Fail
-------------------------------------------------------------------------------
AST_FEATURE_CHECKER_GENERATOR
                    check_locals @15       
<0000023052710E08>                         Routine failure.              Fail
-------------------------------------------------------------------------------
AST_FEATURE_CHECKER_GENERATOR
                    process_routine_as @11 
<0000023052710E08>                         Routine failure.              Rescue
-------------------------------------------------------------------------------
ROUTINE_AS          process @1                                          
<0000023052944768>                         Routine failure.              Fail
-------------------------------------------------------------------------------
AST_FEATURE_CHECKER_GENERATOR
                    safe_process @2        
<0000023052710E08>  (From AST_VISITOR)     Routine failure.              Fail
-------------------------------------------------------------------------------
AST_FEATURE_CHECKER_GENERATOR
                    process_body_as @1     
<0000023052710E08>                         Routine failure.              Fail
-------------------------------------------------------------------------------
BODY_AS             process @1                                          
<00000230529447D8>                         Routine failure.              Fail
-------------------------------------------------------------------------------
AST_FEATURE_CHECKER_GENERATOR
                    process_feature_as @10 
<0000023052710E08>                         Routine failure.              Fail
-------------------------------------------------------------------------------
FEATURE_AS          process @1                                          
<0000023052944828>                         Routine failure.              Fail
-------------------------------------------------------------------------------
AST_FEATURE_CHECKER_GENERATOR
                    type_check_only @21    
<0000023052710E08>                         Routine failure.              Fail
-------------------------------------------------------------------------------
EIFFEL_CLASS_C      pass3 @104                                          
<0000023054830D48>                         Routine failure.              Rescue
-------------------------------------------------------------------------------
DEGREE_3            process_class @3                                    
<00000230548098B8>                         Routine failure.              Rescue
-------------------------------------------------------------------------------
DEGREE_3            execute @21                                         
<00000230548098B8>                         Routine failure.              Fail
-------------------------------------------------------------------------------
SYSTEM_I            process_degree_3 @2                                 
<0000023055BD9968>                         Routine failure.              Rescue
-------------------------------------------------------------------------------
SYSTEM_I            do_recompilation @64                                
<0000023055BD9968>                         Routine failure.              Fail
-------------------------------------------------------------------------------
SYSTEM_I            recompile @6                                        
<0000023055BD9968>                         Routine failure.              Rescue
-------------------------------------------------------------------------------
WORKBENCH_I         recompile @23                                       
<000002305462DE38>                         Routine failure.              Rescue
-------------------------------------------------------------------------------
E_PROJECT           melt @7                                             
<000002305462D1E8>                         Routine failure.              Rescue
-------------------------------------------------------------------------------
E_PROJECT           finalize @2                                         
<000002305462D1E8>                         Routine failure.              Fail
-------------------------------------------------------------------------------
EWB_FINALIZE        perform_compilation @3                              
<00000230542EAC18>                         Routine failure.              Fail
-------------------------------------------------------------------------------
EWB_FINALIZE        compile @3                                          
<00000230542EAC18>  (From EWB_COMP)        Routine failure.              Fail
-------------------------------------------------------------------------------
EWB_FINALIZE        execute @5                                          
<00000230542EAC18>                         Routine failure.              Fail
-------------------------------------------------------------------------------
ES_BATCH            execute @45                                         
<00000230537AB2C8>  (From ES)              Routine failure.              Rescue
-------------------------------------------------------------------------------
ES_BATCH            make @13                                            
<00000230537AB2C8>  (From ES)              Routine failure.              Fail
-------------------------------------------------------------------------------
EB_KERNEL           make @5                                             
<0000023053653908>                         Routine failure.              Fail
-------------------------------------------------------------------------------
EB_KERNEL           root's creation                                     
<0000023053653908>                         Routine failure.              Exit
-------------------------------------------------------------------------------
